<?xml version="1.0" encoding="UTF-8"?>
<!-- Generated by org.testng.reporters.JUnitReportReporter -->
<testsuite hostname="DESKTOP-43D1CRR" failures="0" tests="2" name="com.crm.testng.AnimalsTest" time="0.017" errors="0" timestamp="2022-06-13T16:19:35 IST" skipped="0">
  <testcase classname="com.crm.testng.AnimalsTest" name="dogTest" time="0.015"/>
  <system-out/>
  <testcase classname="com.crm.testng.AnimalsTest" name="ratTest" time="0.002"/>
  <system-out/>
</testsuite> <!-- com.crm.testng.AnimalsTest -->
