<?xml version="1.0" encoding="UTF-8"?>
<!-- Generated by org.testng.reporters.JUnitReportReporter -->
<testsuite hostname="DESKTOP-43D1CRR" failures="0" tests="1" name="com.crm.contacts.NotifyOwnerBoxIsEnableorNot" time="33.810" errors="0" timestamp="2022-06-18T13:57:26 IST" skipped="0">
  <testcase classname="com.crm.contacts.NotifyOwnerBoxIsEnableorNot" name="notifyOwnerBoxIsEnableorNot" time="33.810"/>
  <system-out/>
</testsuite> <!-- com.crm.contacts.NotifyOwnerBoxIsEnableorNot -->
