<?xml version="1.0" encoding="UTF-8"?>
<!-- Generated by org.testng.reporters.JUnitReportReporter -->
<testsuite hostname="DESKTOP-43D1CRR" failures="0" tests="1" name="com.crm.createOrganization.CreateOrganizationTest" time="40.280" errors="0" timestamp="2022-06-16T13:00:24 IST" skipped="0">
  <testcase classname="com.crm.createOrganization.CreateOrganizationTest" name="createOrganizationTest" time="40.280"/>
  <system-out/>
</testsuite> <!-- com.crm.createOrganization.CreateOrganizationTest -->
