<?xml version="1.0" encoding="UTF-8"?>
<!-- Generated by org.testng.reporters.JUnitReportReporter -->
<testsuite hostname="DESKTOP-43D1CRR" failures="0" tests="1" name="com.crm.vtigerContacts.NotifyOwnerBoxIsEnableorNot" time="51.803" errors="0" timestamp="2022-06-16T17:20:03 IST" skipped="0">
  <testcase classname="com.crm.vtigerContacts.NotifyOwnerBoxIsEnableorNot" name="notifyOwnerBoxIsEnableorNot" time="51.803"/>
  <system-out/>
</testsuite> <!-- com.crm.vtigerContacts.NotifyOwnerBoxIsEnableorNot -->
