<?xml version="1.0" encoding="UTF-8"?>
<!-- Generated by org.testng.reporters.JUnitReportReporter -->
<testsuite hostname="DESKTOP-43D1CRR" failures="0" tests="1" name="com.crm.contacts.CreateContactsTest" time="128.409" errors="0" timestamp="2022-06-18T12:30:58 IST" skipped="0">
  <testcase classname="com.crm.contacts.CreateContactsTest" name="createContactsTest" time="128.409"/>
  <system-out/>
</testsuite> <!-- com.crm.contacts.CreateContactsTest -->
