<?xml version="1.0" encoding="UTF-8"?>
<!-- Generated by org.testng.reporters.JUnitReportReporter -->
<testsuite hostname="DESKTOP-43D1CRR" failures="0" tests="3" name="com.crm.testng.DataProviderForBusTicketAppliTest" time="0.027" errors="0" timestamp="2022-06-16T10:40:56 IST" skipped="0">
  <testcase classname="com.crm.testng.DataProviderForBusTicketAppliTest" name="busTicket" time="0.005"/>
  <system-out/>
  <testcase classname="com.crm.testng.DataProviderForBusTicketAppliTest" name="busTicket" time="0.009"/>
  <system-out/>
  <testcase classname="com.crm.testng.DataProviderForBusTicketAppliTest" name="busTicket" time="0.013"/>
  <system-out/>
</testsuite> <!-- com.crm.testng.DataProviderForBusTicketAppliTest -->
