<?xml version="1.0" encoding="UTF-8"?>
<!-- Generated by org.testng.reporters.JUnitReportReporter -->
<testsuite hostname="DESKTOP-43D1CRR" failures="0" tests="1" name="com.crm.contacts.PortalUserBoxIsEnableorNot" time="35.496" errors="0" timestamp="2022-06-18T13:57:26 IST" skipped="0">
  <testcase classname="com.crm.contacts.PortalUserBoxIsEnableorNot" name="portalUserBoxIsEnableorNot" time="35.496"/>
  <system-out/>
</testsuite> <!-- com.crm.contacts.PortalUserBoxIsEnableorNot -->
