<?xml version="1.0" encoding="UTF-8"?>
<!-- Generated by org.testng.reporters.JUnitReportReporter -->
<testsuite hostname="DESKTOP-43D1CRR" failures="0" tests="1" name="com.crm.createContacts.CreateContactsTest" time="50.126" errors="0" timestamp="2022-06-16T17:59:45 IST" skipped="0">
  <testcase classname="com.crm.createContacts.CreateContactsTest" name="createContactsTest" time="50.126"/>
  <system-out/>
</testsuite> <!-- com.crm.createContacts.CreateContactsTest -->
